{"metadata":{"ok":0,"code":2,"codeName":"BadValue","name":"MongoError"},"level":"error","message":"unknown top level operator: $orderby"}
{"metadata":{"ok":0,"code":2,"codeName":"BadValue","name":"MongoError"},"level":"error","message":"unknown top level operator: $orderby"}
{"metadata":{"ok":0,"code":2,"codeName":"BadValue","name":"MongoError"},"level":"error","message":"unknown top level operator: $orderby"}
{"metadata":{"ok":0,"code":2,"codeName":"BadValue","name":"MongoError"},"level":"error","message":"unknown top level operator: $orderby"}
{"metadata":{"ok":0,"code":2,"codeName":"BadValue","name":"MongoError"},"level":"error","message":"unknown top level operator: $orderby"}
{"metadata":{"ok":0,"code":2,"codeName":"BadValue","name":"MongoError"},"level":"error","message":"unknown top level operator: $orderby"}
{"metadata":{},"level":"error","message":"Parameter \"filter\" to find() must be an object, got Green Matters"}
{"metadata":{},"level":"error","message":"Parameter \"filter\" to find() must be an object, got Green Matters"}
{"metadata":{"stringValue":"\"Black and white\"","kind":"ObjectId","value":"Black and white","path":"_id","reason":{}},"level":"error","message":"Cast to ObjectId failed for value \"Black and white\" at path \"_id\" for model \"Project\""}
{"metadata":{"stringValue":"\"Green Matters\"","kind":"ObjectId","value":"Green Matters","path":"_id","reason":{}},"level":"error","message":"Cast to ObjectId failed for value \"Green Matters\" at path \"_id\" for model \"Project\""}
{"metadata":{"stringValue":"\"Black and White\"","kind":"ObjectId","value":"Black and White","path":"_id","reason":{}},"level":"error","message":"Cast to ObjectId failed for value \"Black and White\" at path \"_id\" for model \"Project\""}
{"metadata":{},"level":"error","message":"taskdemo is not defined"}
{"metadata":{},"level":"error","message":"taskdemo is not defined"}
{"metadata":{},"level":"error","message":"taskdemo is not defined"}
{"metadata":{},"level":"error","message":"taskdemo is not defined"}
{"metadata":{},"level":"error","message":"taskdemo is not defined"}
{"metadata":{"expose":true,"statusCode":400,"status":400,"body":"{\r\n \"projectName\": \"Green Matters\",\r\n    \"teamMember\": \"Thanmai\",\r\n    \"createdBy\": \"Jaya\",\r\n    \"modifiedBy\": null,\r\n    \"taskStatus\": \"ON hold\",\r\n    \"createdOn\": \"2021-02-18T05:01:49.610Z\",\r\n    \"assignOn\": null,\r\n    \"startOn\": null,\r\n    \"holdOn\": null,\r\n    \"endOn\": null,\r\n    \"cancelledOn\": null,\r\n    \"taskName\": \"sddsdsdsadsdsa\",\r\n}","type":"entity.parse.failed"},"level":"error","message":"Unexpected token } in JSON at position 341"}
{"metadata":{"expose":true,"statusCode":400,"status":400,"body":"{\r\n \"projectName\": \"Green Matters\",\r\n    \"teamMember\": \"Thanmai\",\r\n    \"createdBy\": \"Jaya\",\r\n    \"modifiedBy\": null,\r\n    \"taskStatus\": \"ON hold\",\r\n    \"createdOn\": \"2021-02-18T05:01:49.610Z\",\r\n    \"assignOn\": null,\r\n    \"startOn\": null,\r\n    \"holdOn\": null,\r\n    \"endOn\": null,\r\n    \"cancelledOn\": null,\r\n    \"taskName\": \"sddsdsdsadsdsa\",\r\n}","type":"entity.parse.failed"},"level":"error","message":"Unexpected token } in JSON at position 341"}
{"metadata":{},"level":"error","message":"Cannot read property 'data' of undefined"}
{"metadata":{},"level":"error","message":"Cannot read property 'data' of undefined"}
{"metadata":{},"level":"error","message":"Cannot read property 'findOne' of undefined"}
{"metadata":{},"level":"error","message":"Cannot read property 'findOne' of undefined"}
{"metadata":{},"level":"error","message":"Cannot read property 'findOne' of undefined"}
{"metadata":{},"level":"error","message":"Cannot read property 'findOne' of undefined"}
{"metadata":{},"level":"error","message":"auth is not defined"}
{"metadata":{"expose":true,"statusCode":400,"status":400,"body":"{\r\n    \"name\":\"Thanmai\",\r\n    \"msEmail\":\"thanmai.chikine@g7cr.in\",\r\n    // \"fbEmail\":\"sashank.krishna19@gmail.com\"\r\n}","type":"entity.parse.failed"},"level":"error","message":"Unexpected token / in JSON at position 72"}
{"metadata":{"expose":true,"statusCode":400,"status":400,"body":"{\r\n    \"name\":\"Thanmai\",\r\n    \"msEmail\":\"thanmai.chikine@g7cr.in\"\r\n    // \"fbEmail\":\"sashank.krishna19@gmail.com\"\r\n}","type":"entity.parse.failed"},"level":"error","message":"Unexpected token / in JSON at position 71"}
{"metadata":{"expose":true,"statusCode":400,"status":400,"body":"{\r\n    \"name\":\"Thanmai\",\r\n    \"msEmail\":\"thanmai.chikine@g7cr.in\"\r\n    // \"fbEmail\":\"sashank.krishna19@gmail.com\"\r\n}","type":"entity.parse.failed"},"level":"error","message":"Unexpected token / in JSON at position 71"}
{"metadata":{},"level":"error","message":"updateOutTime.save is not a function"}
{"metadata":{},"level":"error","message":"updateOutTime.save is not a function"}
{"metadata":{},"level":"error","message":"Cannot read property 'sort' of undefined"}
{"metadata":{},"level":"error","message":"Cannot read property 'sort' of undefined"}
{"metadata":{},"level":"error","message":"logtime.save is not a function"}
{"metadata":{},"level":"error","message":"logtime.save is not a function"}
{"metadata":{},"level":"error","message":"logtime.save is not a function"}
{"metadata":{},"level":"error","message":"logtime.save is not a function"}
{"metadata":{},"level":"error","message":"logtime.save is not a function"}
{"metadata":{},"level":"error","message":"logtime.save is not a function"}
{"metadata":{},"level":"error","message":"Cannot read property 'sort' of undefined"}
{"metadata":{},"level":"error","message":"logTime.save is not a function"}
{"metadata":{},"level":"error","message":"sessionId is not defined"}
{"metadata":{},"level":"error","message":"sessionId is not defined"}
{"metadata":{},"level":"error","message":"logTime is not defined"}
{"metadata":{},"level":"error","message":"logTime is not defined"}
{"metadata":{},"level":"error","message":"logTime is not defined"}
{"metadata":{},"level":"error","message":"logTime is not defined"}
{"metadata":{},"level":"error","message":"logTime is not defined"}
{"metadata":{},"level":"error","message":"logTime is not defined"}
{"metadata":{"expose":true,"statusCode":400,"status":400,"body":"{\r\n    \"email\":\"krishnasai.sashank@g7cr.in\",\r\n}","type":"entity.parse.failed"},"level":"error","message":"Unexpected token } in JSON at position 46"}
{"metadata":{},"level":"error","message":"config is not defined"}
{"metadata":{},"level":"error","message":"config is not defined"}
{"metadata":{},"level":"error","message":"config is not defined"}
{"metadata":{"expose":true,"statusCode":400,"status":400,"body":"{\r\n    \"name\":\"Thanmai\"\r\n    \"msEmail\":\"Thanmai.chikine@g7cr.in\",\r\n    \"fbEmail\":\"teena.c94@gmail.com\"\r\n}","type":"entity.parse.failed"},"level":"error","message":"Unexpected string in JSON at position 29"}
{"metadata":{},"level":"error","message":"Cannot read property 'MS_ClientId' of undefined"}
{"metadata":{},"level":"error","message":"Cannot read property 'MS_ClientId' of undefined"}
{"metadata":{},"level":"error","message":"Cannot read property 'MS_ClientId' of undefined"}
{"metadata":{},"level":"error","message":"Cannot read property 'MS_ClientId' of undefined"}
{"metadata":{},"level":"error","message":"Cannot read property 'MS_ClientId' of undefined"}
{"metadata":{},"level":"error","message":"Cannot read property 'msClientId' of undefined"}
{"metadata":{},"level":"error","message":"Cannot read property 'msClientId' of undefined"}
{"metadata":{},"level":"error","message":"Cannot read property 'msClientId' of undefined"}
{"metadata":{},"level":"error","message":"Cannot read property 'msClientId' of undefined"}
{"metadata":{},"level":"error","message":"Cannot read property 'filename' of undefined"}
{"metadata":{},"level":"error","message":"Cannot read property 'filename' of undefined"}
{"metadata":{},"level":"error","message":"Cannot read property 'filename' of undefined"}
{"metadata":{},"level":"error","message":"Cannot read property 'filename' of undefined"}
{"metadata":{},"level":"error","message":"Cannot read property 'filename' of undefined"}
{"metadata":{},"level":"error","message":"Cannot read property 'filename' of undefined"}
{"metadata":{},"level":"error","message":"Cannot read property 'filename' of undefined"}
{"metadata":{},"level":"error","message":"Cannot read property 'filename' of undefined"}
{"metadata":{},"level":"error","message":"Cannot read property 'fieldname' of undefined"}
{"metadata":{},"level":"error","message":"Cannot read property 'fieldname' of undefined"}
{"metadata":{},"level":"error","message":"Cannot read property 'fieldname' of undefined"}
{"metadata":{},"level":"error","message":"Cannot read property 'filename' of undefined"}
{"metadata":{},"level":"error","message":"Contact is not a constructor"}
{"metadata":{},"level":"error","message":"Contact is not a constructor"}
{"metadata":{},"level":"error","message":"Contact is not a constructor"}
{"metadata":{},"level":"error","message":"Contact is not a constructor"}
{"metadata":{},"level":"error","message":"Contact is not a constructor"}
{"metadata":{},"level":"error","message":"Contact is not a constructor"}
{"metadata":{},"level":"error","message":"Cannot read property 'filename' of undefined"}
{"metadata":{},"level":"error","message":"Cannot read property 'filename' of undefined"}
{"metadata":{},"level":"error","message":"Cannot read property 'filename' of undefined"}
{"metadata":{},"level":"error","message":"Cannot read property 'filename' of undefined"}
{"metadata":{},"level":"error","message":"Cannot read property 'filename' of undefined"}
{"metadata":{},"level":"error","message":"Cannot read property 'path' of undefined"}
{"metadata":{},"level":"error","message":"Cannot read property 'path' of undefined"}
{"metadata":{},"level":"error","message":"Cannot read property 'path' of undefined"}
{"metadata":{},"level":"error","message":"Cannot read property 'filename' of undefined"}
{"metadata":{},"level":"error","message":"Cannot read property 'filename' of undefined"}
{"metadata":{},"level":"error","message":"Cannot read property 'filename' of undefined"}
{"metadata":{},"level":"error","message":"Cannot read property 'filename' of undefined"}
{"metadata":{},"level":"error","message":"Cannot read property '0' of undefined"}
{"metadata":{},"level":"error","message":"Cannot read property '0' of undefined"}
{"metadata":{},"level":"error","message":"Cannot read property '0' of undefined"}
{"metadata":{},"level":"error","message":"Cannot read property '0' of undefined"}
{"metadata":{"name":"MulterError","message":"Unexpected field","code":"LIMIT_UNEXPECTED_FILE","field":"attachments","storageErrors":[]},"level":"error","message":"Unexpected field"}
{"metadata":{"name":"MulterError","message":"Unexpected field","code":"LIMIT_UNEXPECTED_FILE","field":"attachments","storageErrors":[]},"level":"error","message":"Unexpected field"}
{"metadata":{"name":"MulterError","message":"Unexpected field","code":"LIMIT_UNEXPECTED_FILE","field":"attachments","storageErrors":[]},"level":"error","message":"Unexpected field"}
{"metadata":{"name":"MulterError","message":"Unexpected field","code":"LIMIT_UNEXPECTED_FILE","field":"attachments","storageErrors":[]},"level":"error","message":"Unexpected field"}
{"metadata":{"name":"MulterError","message":"Unexpected field","code":"LIMIT_UNEXPECTED_FILE","field":"attachments","storageErrors":[]},"level":"error","message":"Unexpected field"}
{"metadata":{"name":"MulterError","message":"Unexpected field","code":"LIMIT_UNEXPECTED_FILE","field":"attachments","storageErrors":[]},"level":"error","message":"Unexpected field"}
{"metadata":{"name":"MulterError","message":"Unexpected field","code":"LIMIT_UNEXPECTED_FILE","field":"attachments","storageErrors":[]},"level":"error","message":"Unexpected field"}
{"metadata":{"name":"MulterError","message":"Unexpected field","code":"LIMIT_UNEXPECTED_FILE","field":"attachments","storageErrors":[]},"level":"error","message":"Unexpected field"}
{"metadata":{"name":"MulterError","message":"Unexpected field","code":"LIMIT_UNEXPECTED_FILE","field":"attachments","storageErrors":[]},"level":"error","message":"Unexpected field"}
{"metadata":{"name":"MulterError","message":"Unexpected field","code":"LIMIT_UNEXPECTED_FILE","field":"attachments","storageErrors":[]},"level":"error","message":"Unexpected field"}
{"metadata":{},"level":"error","message":"Cannot read property 'filename' of undefined"}
{"metadata":{},"level":"error","message":"Cannot read property 'filename' of undefined"}
{"metadata":{},"level":"error","message":"Cannot read property 'filename' of undefined"}
{"metadata":{},"level":"error","message":"Cannot read property 'filename' of undefined"}
{"metadata":{},"level":"error","message":"Cannot read property 'filename' of undefined"}
{"metadata":{},"level":"error","message":"Cannot read property 'filename' of undefined"}
{"metadata":{},"level":"error","message":"Multipart: Boundary not found"}
{"metadata":{},"level":"error","message":"Multipart: Boundary not found"}
{"metadata":{},"level":"error","message":"Multipart: Boundary not found"}
{"metadata":{},"level":"error","message":"Multipart: Boundary not found"}
{"metadata":{},"level":"error","message":"Cannot read property 'split' of undefined"}
{"metadata":{},"level":"error","message":"Cannot read property 'split' of undefined"}
{"metadata":{},"level":"error","message":"Cannot read property 'split' of undefined"}
{"metadata":{},"level":"error","message":"Cannot read property 'split' of undefined"}
{"metadata":{},"level":"error","message":"Cannot read property 'split' of undefined"}
{"metadata":{},"level":"error","message":"Cannot read property 'split' of undefined"}
{"metadata":{"driver":true,"name":"MongoError","index":0,"code":11000,"keyPattern":{"email":1},"keyValue":{"email":"Nithin@g7cr.in"}},"level":"error","message":"E11000 duplicate key error collection: GreenMatters.users index: email_1 dup key: { email: \"Nithin@g7cr.in\" }"}
{"metadata":{},"level":"error","message":"Cannot read property 'length' of undefined"}
{"metadata":{"driver":true,"name":"MongoError","index":0,"code":11000,"keyPattern":{"email":1},"keyValue":{"email":"Krishnasai.sashank@g7cr.in"}},"level":"error","message":"E11000 duplicate key error collection: TestDB.users index: email_1 dup key: { email: \"Krishnasai.sashank@g7cr.in\" }"}
{"metadata":{},"level":"error","message":"val is not defined"}
{"metadata":{},"level":"error","message":"val is not defined"}
{"metadata":{},"level":"error","message":"val is not defined"}
{"metadata":{},"level":"error","message":"val is not defined"}
{"metadata":{},"level":"error","message":"val is not defined"}
{"metadata":{"code":"ERR_HTTP_HEADERS_SENT"},"level":"error","message":"Cannot set headers after they are sent to the client"}
{"metadata":{"code":"ERR_HTTP_HEADERS_SENT"},"level":"error","message":"Cannot set headers after they are sent to the client"}
{"metadata":{"code":"ERR_HTTP_HEADERS_SENT"},"level":"error","message":"Cannot set headers after they are sent to the client"}
{"metadata":{"code":"ERR_HTTP_HEADERS_SENT"},"level":"error","message":"Cannot set headers after they are sent to the client"}
{"metadata":{"code":"ERR_HTTP_HEADERS_SENT"},"level":"error","message":"Cannot set headers after they are sent to the client"}
{"metadata":{"code":"ERR_HTTP_HEADERS_SENT"},"level":"error","message":"Cannot set headers after they are sent to the client"}
{"metadata":{"code":"ERR_HTTP_HEADERS_SENT"},"level":"error","message":"Cannot set headers after they are sent to the client"}
{"metadata":{"code":"ERR_HTTP_HEADERS_SENT"},"level":"error","message":"Cannot set headers after they are sent to the client"}
{"metadata":{"code":"ERR_HTTP_HEADERS_SENT"},"level":"error","message":"Cannot set headers after they are sent to the client"}
{"metadata":{},"level":"error","message":"Converting circular structure to JSON\n    --> starting at object with constructor 'NativeTopology'\n    |     property 's' -> object with constructor 'Object'\n    |     property 'sessionPool' -> object with constructor 'ServerSessionPool'\n    --- property 'topology' closes the circle"}
{"metadata":{},"level":"error","message":"Converting circular structure to JSON\n    --> starting at object with constructor 'NativeTopology'\n    |     property 's' -> object with constructor 'Object'\n    |     property 'sessionPool' -> object with constructor 'ServerSessionPool'\n    --- property 'topology' closes the circle"}
{"metadata":{},"level":"error","message":"parseIn is not defined"}
{"metadata":{},"level":"error","message":"Cannot read property 'projectMembers' of undefined"}
{"metadata":{},"level":"error","message":"Cannot read property 'projectMembers' of undefined"}
{"metadata":{},"level":"error","message":"Cannot read property 'projectMembers' of undefined"}
{"metadata":{},"level":"error","message":"Cannot read property 'projectMembers' of undefined"}
{"metadata":{},"level":"error","message":"Cannot read property 'projectMembers' of undefined"}
{"metadata":{},"level":"error","message":"Cannot read property 'length' of undefined"}
{"metadata":{},"level":"error","message":"Cannot read property 'length' of undefined"}
{"metadata":{},"level":"error","message":"Cannot read property 'length' of undefined"}
{"metadata":{},"level":"error","message":"Cannot read property 'length' of undefined"}
{"metadata":{},"level":"error","message":"Cannot read property 'length' of undefined"}
{"metadata":{},"level":"error","message":"Cannot read property 'length' of undefined"}
{"metadata":{},"level":"error","message":"Cannot read property 'length' of undefined"}
{"metadata":{},"level":"error","message":"Cannot read property 'length' of undefined"}
{"metadata":{},"level":"error","message":"Cannot read property 'length' of undefined"}
{"metadata":{},"level":"error","message":"Cannot read property 'length' of undefined"}
{"metadata":{},"level":"error","message":"Cannot read property 'length' of undefined"}
{"metadata":{},"level":"error","message":"Cannot read property 'length' of undefined"}
{"metadata":{},"level":"error","message":"Cannot read property 'length' of undefined"}
{"metadata":{},"level":"error","message":"Cannot read property 'length' of undefined"}
{"metadata":{},"level":"error","message":"Cannot read property 'length' of undefined"}
{"metadata":{},"level":"error","message":"Cannot read property 'length' of undefined"}
{"metadata":{},"level":"error","message":"Cannot read property 'length' of undefined"}
{"metadata":{},"level":"error","message":"Cannot read property 'length' of undefined"}
{"metadata":{},"level":"error","message":"Cannot read property 'length' of undefined"}
{"metadata":{},"level":"error","message":"Cannot read property 'length' of undefined"}
{"metadata":{},"level":"error","message":"x is not defined"}
{"metadata":{},"level":"error","message":"Cannot read property 'length' of undefined"}
{"metadata":{},"level":"error","message":"x is not defined"}
{"metadata":{},"level":"error","message":"Cannot read property 'length' of undefined"}
{"metadata":{},"level":"error","message":"Cannot read property 'length' of undefined"}
{"metadata":{},"level":"error","message":"Cannot read property 'length' of undefined"}
{"metadata":{},"level":"error","message":"Cannot read property 'length' of undefined"}
{"metadata":{},"level":"error","message":"Cannot read property 'length' of undefined"}
{"metadata":{},"level":"error","message":"Cannot read property 'length' of undefined"}
{"metadata":{},"level":"error","message":"Cannot read property 'length' of undefined"}
{"metadata":{},"level":"error","message":"Cannot read property 'length' of undefined"}
{"metadata":{},"level":"error","message":"Cannot read property 'length' of undefined"}
{"metadata":{},"level":"error","message":"Cannot read property 'length' of undefined"}
{"metadata":{},"level":"error","message":"Cannot read property 'length' of undefined"}
{"metadata":{},"level":"error","message":"Cannot read property 'projectMembers' of undefined"}
{"metadata":{},"level":"error","message":"Cannot read property 'projectMembers' of undefined"}
{"metadata":{},"level":"error","message":"Cannot read property 'projectMembers' of undefined"}
{"metadata":{},"level":"error","message":"Cannot read property 'projectMembers' of undefined"}
{"metadata":{},"level":"error","message":"Cannot read property 'projectMembers' of undefined"}
{"metadata":{},"level":"error","message":"Cannot read property 'projectMembers' of undefined"}
{"metadata":{},"level":"error","message":"Cannot read property 'projectMembers' of undefined"}
{"metadata":{},"level":"error","message":"Cannot read property 'projectMembers' of undefined"}
{"metadata":{},"level":"error","message":"Cannot read property 'projectMembers' of undefined"}
{"metadata":{},"level":"error","message":"Cannot read property 'projectMembers' of undefined"}
{"metadata":{},"level":"error","message":"Cannot read property 'projectMembers' of undefined"}
{"metadata":{},"level":"error","message":"Cannot read property 'projectMembers' of undefined"}
{"metadata":{},"level":"error","message":"Cannot read property 'projectMembers' of undefined"}
{"metadata":{},"level":"error","message":"Cannot read property 'projectMembers' of undefined"}
{"metadata":{},"level":"error","message":"Cannot read property 'projectMembers' of undefined"}
{"metadata":{},"level":"error","message":"Cannot read property 'projectMembers' of undefined"}
{"metadata":{},"level":"error","message":"Cannot read property 'projectMembers' of undefined"}
{"metadata":{},"level":"error","message":"Cannot read property 'projectMembers' of undefined"}
{"metadata":{},"level":"error","message":"Cannot read property 'projectMembers' of undefined"}
{"metadata":{},"level":"error","message":"Cannot read property 'split' of undefined"}
{"metadata":{},"level":"error","message":"Cannot read property 'split' of undefined"}
{"metadata":{},"level":"error","message":"Cannot read property 'split' of undefined"}
{"metadata":{"stringValue":"\"totalprojects\"","kind":"ObjectId","value":"totalprojects","path":"_id","reason":{}},"level":"error","message":"Cast to ObjectId failed for value \"totalprojects\" at path \"_id\" for model \"Project\""}
{"metadata":{"stringValue":"\"totalprojects\"","kind":"ObjectId","value":"totalprojects","path":"_id","reason":{}},"level":"error","message":"Cast to ObjectId failed for value \"totalprojects\" at path \"_id\" for model \"Project\""}
{"metadata":{"stringValue":"\"totalprojects\"","kind":"ObjectId","value":"totalprojects","path":"_id","reason":{}},"level":"error","message":"Cast to ObjectId failed for value \"totalprojects\" at path \"_id\" for model \"Project\""}
{"metadata":{"stringValue":"\"totalprojects\"","kind":"ObjectId","value":"totalprojects","path":"_id","reason":{}},"level":"error","message":"Cast to ObjectId failed for value \"totalprojects\" at path \"_id\" for model \"Project\""}
{"metadata":{"stringValue":"\"totalprojects\"","kind":"ObjectId","value":"totalprojects","path":"_id","reason":{}},"level":"error","message":"Cast to ObjectId failed for value \"totalprojects\" at path \"_id\" for model \"Project\""}
{"metadata":{"stringValue":"\"totalprojects\"","kind":"ObjectId","value":"totalprojects","path":"_id","reason":{}},"level":"error","message":"Cast to ObjectId failed for value \"totalprojects\" at path \"_id\" for model \"Project\""}
{"metadata":{"stringValue":"\"totalprojects\"","kind":"ObjectId","value":"totalprojects","path":"_id","reason":{}},"level":"error","message":"Cast to ObjectId failed for value \"totalprojects\" at path \"_id\" for model \"Project\""}
{"metadata":{"stringValue":"\"totalprojects\"","kind":"ObjectId","value":"totalprojects","path":"_id","reason":{}},"level":"error","message":"Cast to ObjectId failed for value \"totalprojects\" at path \"_id\" for model \"Project\""}
{"metadata":{},"level":"error","message":"Cannot read property 'split' of undefined"}
{"metadata":{},"level":"error","message":"Cannot read property 'split' of undefined"}
{"metadata":{"stringValue":"\"totalprojects\"","kind":"ObjectId","value":"totalprojects","path":"_id","reason":{}},"level":"error","message":"Cast to ObjectId failed for value \"totalprojects\" at path \"_id\" for model \"Project\""}
{"metadata":{"stringValue":"\"totalprojects\"","kind":"ObjectId","value":"totalprojects","path":"_id","reason":{}},"level":"error","message":"Cast to ObjectId failed for value \"totalprojects\" at path \"_id\" for model \"Project\""}
{"metadata":{"stringValue":"\"totalprojects\"","kind":"ObjectId","value":"totalprojects","path":"_id","reason":{}},"level":"error","message":"Cast to ObjectId failed for value \"totalprojects\" at path \"_id\" for model \"Project\""}
{"metadata":{"stringValue":"\"totalprojects\"","kind":"ObjectId","value":"totalprojects","path":"_id","reason":{}},"level":"error","message":"Cast to ObjectId failed for value \"totalprojects\" at path \"_id\" for model \"Project\""}
{"metadata":{"stringValue":"\"totalprojects\"","kind":"ObjectId","value":"totalprojects","path":"_id","reason":{}},"level":"error","message":"Cast to ObjectId failed for value \"totalprojects\" at path \"_id\" for model \"Project\""}
{"metadata":{"stringValue":"\"totalprojects\"","kind":"ObjectId","value":"totalprojects","path":"_id","reason":{}},"level":"error","message":"Cast to ObjectId failed for value \"totalprojects\" at path \"_id\" for model \"Project\""}
{"metadata":{"stringValue":"\"totalprojects\"","kind":"ObjectId","value":"totalprojects","path":"_id","reason":{}},"level":"error","message":"Cast to ObjectId failed for value \"totalprojects\" at path \"_id\" for model \"Project\""}
{"metadata":{"stringValue":"\"totalprojects\"","kind":"ObjectId","value":"totalprojects","path":"_id","reason":{}},"level":"error","message":"Cast to ObjectId failed for value \"totalprojects\" at path \"_id\" for model \"Project\""}
{"metadata":{"stringValue":"\"Green Matters\"","kind":"ObjectId","value":"Green Matters","path":"_id","reason":{}},"level":"error","message":"Cast to ObjectId failed for value \"Green Matters\" at path \"_id\" for model \"Taskdemo\""}
{"metadata":{"stringValue":"\"Green Matters\"","kind":"ObjectId","value":"Green Matters","path":"_id","reason":{}},"level":"error","message":"Cast to ObjectId failed for value \"Green Matters\" at path \"_id\" for model \"Taskdemo\""}
{"metadata":{"stringValue":"\"'Green Matters'\"","kind":"ObjectId","value":"'Green Matters'","path":"_id","reason":{}},"level":"error","message":"Cast to ObjectId failed for value \"'Green Matters'\" at path \"_id\" for model \"Taskdemo\""}
{"metadata":{"stringValue":"\"projectName=Green Matters\"","kind":"ObjectId","value":"projectName=Green Matters","path":"_id","reason":{}},"level":"error","message":"Cast to ObjectId failed for value \"projectName=Green Matters\" at path \"_id\" for model \"Taskdemo\""}
{"metadata":{"stringValue":"\"Green Matters\"","kind":"ObjectId","value":"Green Matters","path":"_id","reason":{}},"level":"error","message":"Cast to ObjectId failed for value \"Green Matters\" at path \"_id\" for model \"Taskdemo\""}
{"metadata":{"stringValue":"\"Green Matters\"","kind":"ObjectId","value":"Green Matters","path":"_id","reason":{}},"level":"error","message":"Cast to ObjectId failed for value \"Green Matters\" at path \"_id\" for model \"Taskdemo\""}
{"metadata":{"stringValue":"\"Green Matters\"","kind":"ObjectId","value":"Green Matters","path":"_id","reason":{}},"level":"error","message":"Cast to ObjectId failed for value \"Green Matters\" at path \"_id\" for model \"Taskdemo\""}
{"metadata":{"stringValue":"\"Green Matters\"","kind":"ObjectId","value":"Green Matters","path":"_id","reason":{}},"level":"error","message":"Cast to ObjectId failed for value \"Green Matters\" at path \"_id\" for model \"Taskdemo\""}
{"metadata":{"stringValue":"\"Green Matters\"","kind":"ObjectId","value":"Green Matters","path":"_id","reason":{}},"level":"error","message":"Cast to ObjectId failed for value \"Green Matters\" at path \"_id\" for model \"Taskdemo\""}
{"metadata":{"stringValue":"\"Green Matters\"","kind":"ObjectId","value":"Green Matters","path":"_id","reason":{}},"level":"error","message":"Cast to ObjectId failed for value \"Green Matters\" at path \"_id\" for model \"Taskdemo\""}
{"metadata":{"stringValue":"\"Green Matters\"","kind":"ObjectId","value":"Green Matters","path":"_id","reason":{}},"level":"error","message":"Cast to ObjectId failed for value \"Green Matters\" at path \"_id\" for model \"Taskdemo\""}
{"metadata":{"stringValue":"\"Green Matters\"","kind":"ObjectId","value":"Green Matters","path":"_id","reason":{}},"level":"error","message":"Cast to ObjectId failed for value \"Green Matters\" at path \"_id\" for model \"Taskdemo\""}
{"metadata":{"stringValue":"\"Green Matters\"","kind":"ObjectId","value":"Green Matters","path":"_id","reason":{}},"level":"error","message":"Cast to ObjectId failed for value \"Green Matters\" at path \"_id\" for model \"Taskdemo\""}
{"metadata":{"stringValue":"\"Green Matters\"","kind":"ObjectId","value":"Green Matters","path":"_id","reason":{}},"level":"error","message":"Cast to ObjectId failed for value \"Green Matters\" at path \"_id\" for model \"Taskdemo\""}
{"metadata":{"stringValue":"\"Green Matters\"","kind":"ObjectId","value":"Green Matters","path":"_id","reason":{}},"level":"error","message":"Cast to ObjectId failed for value \"Green Matters\" at path \"_id\" for model \"Taskdemo\""}
{"metadata":{"stringValue":"\"Green Matters\"","kind":"ObjectId","value":"Green Matters","path":"_id","reason":{}},"level":"error","message":"Cast to ObjectId failed for value \"Green Matters\" at path \"_id\" for model \"Taskdemo\""}
{"metadata":{"stringValue":"\"Green Matters\"","kind":"ObjectId","value":"Green Matters","path":"_id","reason":{}},"level":"error","message":"Cast to ObjectId failed for value \"Green Matters\" at path \"_id\" for model \"Taskdemo\""}
{"metadata":{},"level":"error","message":"Cannot read property 'split' of undefined"}
{"metadata":{},"level":"error","message":"Cannot read property 'split' of undefined"}
{"metadata":{},"level":"error","message":"Cannot read property 'split' of undefined"}
{"metadata":{},"level":"error","message":"Cannot read property 'split' of undefined"}
{"metadata":{},"level":"error","message":"Cannot read property 'split' of undefined"}
{"metadata":{},"level":"error","message":"Cannot read property 'split' of undefined"}
{"metadata":{},"level":"error","message":"Cannot read property 'split' of undefined"}
{"metadata":{},"level":"error","message":"Cannot read property 'split' of undefined"}
{"metadata":{},"level":"error","message":"Cannot read property 'split' of undefined"}
{"metadata":{},"level":"error","message":"Cannot read property 'split' of undefined"}
{"metadata":{},"level":"error","message":"Cannot read property 'split' of undefined"}
{"metadata":{"stringValue":"\"teena\"","kind":"ObjectId","value":"teena","path":"_id","reason":{}},"level":"error","message":"Cast to ObjectId failed for value \"teena\" at path \"_id\" for model \"Taskdemo\""}
{"metadata":{"stringValue":"\"listdetails\"","kind":"ObjectId","value":"listdetails","path":"_id","reason":{}},"level":"error","message":"Cast to ObjectId failed for value \"listdetails\" at path \"_id\" for model \"Taskdemo\""}
{"metadata":{},"level":"error","message":"Taskdemo.findMany is not a function"}
{"metadata":{},"level":"error","message":"option is not defined"}
{"metadata":{},"level":"error","message":"Taskdemo.findone is not a function"}
{"metadata":{"stringValue":"\"user\"","kind":"ObjectId","value":"user","path":"_id","reason":{}},"level":"error","message":"Cast to ObjectId failed for value \"user\" at path \"_id\" for model \"Taskdemo\""}
{"metadata":{"stringValue":"\"user\"","kind":"ObjectId","value":"user","path":"_id","reason":{}},"level":"error","message":"Cast to ObjectId failed for value \"user\" at path \"_id\" for model \"Taskdemo\""}
{"metadata":{"stringValue":"\"one\"","kind":"ObjectId","value":"one","path":"_id","reason":{}},"level":"error","message":"Cast to ObjectId failed for value \"one\" at path \"_id\" for model \"Taskdemo\""}
{"metadata":{"stringValue":"\"one\"","kind":"ObjectId","value":"one","path":"_id","reason":{}},"level":"error","message":"Cast to ObjectId failed for value \"one\" at path \"_id\" for model \"Taskdemo\""}
{"metadata":{"stringValue":"\"one\"","kind":"ObjectId","value":"one","path":"_id","reason":{}},"level":"error","message":"Cast to ObjectId failed for value \"one\" at path \"_id\" for model \"Taskdemo\""}
{"metadata":{"stringValue":"\"one\"","kind":"ObjectId","value":"one","path":"_id","reason":{}},"level":"error","message":"Cast to ObjectId failed for value \"one\" at path \"_id\" for model \"Taskdemo\""}
{"metadata":{"code":"ERR_HTTP_INVALID_STATUS_CODE"},"level":"error","message":"Invalid status code: 2"}
